WARNING: This is a development server. Do not use it in a production deployment. Use a production WSGI server instead.
 * Running on http://localhost:8080
Press CTRL+C to quit
 * Restarting with stat
 * Debugger is active!
 * Debugger PIN: 187-122-103
127.0.0.1 - - [04/Mar/2024 06:49:31] "GET /data_general.html HTTP/1.1" 200 -
127.0.0.1 - - [04/Mar/2024 06:49:31] "GET /static/styles/data.css HTTP/1.1" 304 -
127.0.0.1 - - [04/Mar/2024 06:49:31] "GET /static/data.js HTTP/1.1" 304 -
127.0.0.1 - - [04/Mar/2024 06:49:31] "GET /data/data_general HTTP/1.1" 200 -
127.0.0.1 - - [04/Mar/2024 06:54:41] "GET / HTTP/1.1" 200 -
127.0.0.1 - - [04/Mar/2024 06:54:41] "GET /static/styles/styles.css HTTP/1.1" 200 -
127.0.0.1 - - [04/Mar/2024 06:54:41] "GET /static/script.js HTTP/1.1" 200 -
127.0.0.1 - - [04/Mar/2024 06:54:41] "GET /static/favicon.ico HTTP/1.1" 200 -
127.0.0.1 - - [04/Mar/2024 06:54:53] "GET /static/favicon.ico HTTP/1.1" 304 -
127.0.0.1 - - [04/Mar/2024 06:55:30] "GET /static/favicon.ico HTTP/1.1" 200 -
127.0.0.1 - - [04/Mar/2024 06:55:42] "GET / HTTP/1.1" 200 -
127.0.0.1 - - [04/Mar/2024 06:55:42] "GET /static/styles/styles.css HTTP/1.1" 304 -
127.0.0.1 - - [04/Mar/2024 06:55:42] "GET /static/script.js HTTP/1.1" 304 -
127.0.0.1 - - [04/Mar/2024 06:55:51] "GET /data_general.html HTTP/1.1" 200 -
127.0.0.1 - - [04/Mar/2024 06:55:51] "GET /static/styles/data.css HTTP/1.1" 200 -
127.0.0.1 - - [04/Mar/2024 06:55:51] "GET /static/data.js HTTP/1.1" 200 -
127.0.0.1 - - [04/Mar/2024 06:55:52] "GET /data/data_general HTTP/1.1" 200 -
127.0.0.1 - - [04/Mar/2024 06:56:22] "GET /data_general.html HTTP/1.1" 200 -
127.0.0.1 - - [04/Mar/2024 06:56:22] "GET /static/styles/data.css HTTP/1.1" 304 -
127.0.0.1 - - [04/Mar/2024 06:56:22] "GET /static/data.js HTTP/1.1" 304 -
127.0.0.1 - - [04/Mar/2024 06:56:22] "GET /static/favicon.ico HTTP/1.1" 304 -
127.0.0.1 - - [04/Mar/2024 06:56:22] "GET /data/data_general HTTP/1.1" 200 -
127.0.0.1 - - [04/Mar/2024 07:17:55] "GET /data_general.html HTTP/1.1" 200 -
127.0.0.1 - - [04/Mar/2024 07:17:55] "GET /static/styles/data.css HTTP/1.1" 304 -
127.0.0.1 - - [04/Mar/2024 07:17:55] "GET /static/data.js HTTP/1.1" 304 -
127.0.0.1 - - [04/Mar/2024 07:17:56] "GET /data/data_general HTTP/1.1" 200 -
127.0.0.1 - - [05/Mar/2024 06:55:30] "GET /static/favicon.ico HTTP/1.1" 200 -
127.0.0.1 - - [06/Mar/2024 07:28:01] "GET /static/favicon.ico HTTP/1.1" 200 -
127.0.0.1 - - [06/Mar/2024 14:35:19] "GET / HTTP/1.1" 200 -
127.0.0.1 - - [06/Mar/2024 14:35:19] "GET /static/styles/styles.css HTTP/1.1" 304 -
127.0.0.1 - - [06/Mar/2024 14:35:20] "GET /static/script.js HTTP/1.1" 304 -
127.0.0.1 - - [06/Mar/2024 14:35:23] "GET /data_general.html HTTP/1.1" 200 -
127.0.0.1 - - [06/Mar/2024 14:35:23] "GET /static/styles/data.css HTTP/1.1" 304 -
127.0.0.1 - - [06/Mar/2024 14:35:23] "GET /static/data.js HTTP/1.1" 304 -
127.0.0.1 - - [06/Mar/2024 14:35:23] "GET /data/data_general HTTP/1.1" 200 -
127.0.0.1 - - [06/Mar/2024 14:35:53] "POST /insert_row HTTP/1.1" 200 -
127.0.0.1 - - [06/Mar/2024 14:35:54] "GET /data_general.html HTTP/1.1" 200 -
127.0.0.1 - - [06/Mar/2024 14:35:54] "GET /static/styles/data.css HTTP/1.1" 304 -
127.0.0.1 - - [06/Mar/2024 14:35:54] "GET /static/data.js HTTP/1.1" 304 -
127.0.0.1 - - [06/Mar/2024 14:35:55] "GET /static/favicon.ico HTTP/1.1" 304 -
127.0.0.1 - - [06/Mar/2024 14:35:55] "GET /data/data_general HTTP/1.1" 200 -
127.0.0.1 - - [06/Mar/2024 14:36:07] "GET /data_european_comparation.html HTTP/1.1" 200 -
127.0.0.1 - - [06/Mar/2024 14:36:07] "GET /static/styles/data.css HTTP/1.1" 304 -
127.0.0.1 - - [06/Mar/2024 14:36:07] "GET /static/data.js HTTP/1.1" 304 -
127.0.0.1 - - [06/Mar/2024 14:36:07] "GET /data/data_european_comparation HTTP/1.1" 200 -
127.0.0.1 - - [06/Mar/2024 14:36:08] "GET /data_diagram.html HTTP/1.1" 200 -
127.0.0.1 - - [06/Mar/2024 14:36:08] "GET /static/graph.js HTTP/1.1" 200 -
127.0.0.1 - - [06/Mar/2024 14:36:09] "GET /data/data_diagram HTTP/1.1" 200 -
127.0.0.1 - - [07/Mar/2024 07:28:01] "GET /static/favicon.ico HTTP/1.1" 200 -
 * Detected change in 'C:\\Users\\nn\\dexterslab\\Library\\Querybuilder\\query_builder.py', reloading
 * Restarting with stat
 * Debugger is active!
 * Debugger PIN: 187-122-103
 * Detected change in 'C:\\Users\\nn\\dexterslab\\Library\\Querybuilder\\query_builder.py', reloading
 * Restarting with stat
 * Debugger is active!
 * Debugger PIN: 187-122-103
 * Detected change in 'C:\\Users\\nn\\dexterslab\\Library\\Querybuilder\\query_builder.py', reloading
 * Restarting with stat
Traceback (most recent call last):
  File "C:\Users\nn\dexterslab\main.py", line 2, in <module>
    from Library import model as Model
  File "C:\Users\nn\dexterslab\Library\model.py", line 1, in <module>
    from . import basic_backend
  File "C:\Users\nn\dexterslab\Library\basic_backend.py", line 4, in <module>
    from .Querybuilder import query_builder as select
  File "C:\Users\nn\dexterslab\Library\Querybuilder\query_builder.py", line 130
    def from(self, table_name=None):
        ^^^^
SyntaxError: invalid syntax
Traceback (most recent call last):
  File "C:\Users\nn\dexterslab\main.py", line 2, in <module>
    from Library import model as Model
  File "C:\Users\nn\dexterslab\Library\model.py", line 1, in <module>
    from . import basic_backend
  File "C:\Users\nn\dexterslab\Library\basic_backend.py", line 4, in <module>
    from .Querybuilder import query_builder as select
  File "C:\Users\nn\dexterslab\Library\Querybuilder\query_builder.py", line 130
    def from(self, table_name=None):
        ^^^^
SyntaxError: invalid syntax
Traceback (most recent call last):
  File "C:\Users\nn\dexterslab\main.py", line 2, in <module>
    from Library import model as Model
  File "C:\Users\nn\dexterslab\Library\model.py", line 1, in <module>
    from . import basic_backend
  File "C:\Users\nn\dexterslab\Library\basic_backend.py", line 4, in <module>
    from .Querybuilder import query_builder as select
  File "C:\Users\nn\dexterslab\Library\Querybuilder\query_builder.py", line 130
    def from(self, table_name=None):
        ^^^^
SyntaxError: invalid syntax
Traceback (most recent call last):
  File "C:\Users\nn\dexterslab\main.py", line 2, in <module>
    from Library import model as Model
  File "C:\Users\nn\dexterslab\Library\model.py", line 1, in <module>
    from . import basic_backend
  File "C:\Users\nn\dexterslab\Library\basic_backend.py", line 4, in <module>
    from .Querybuilder import query_builder as select
  File "C:\Users\nn\dexterslab\Library\Querybuilder\query_builder.py", line 130
    def from(self, table_name=None):
        ^^^^
SyntaxError: invalid syntax
Traceback (most recent call last):
  File "C:\Users\nn\dexterslab\main.py", line 2, in <module>
    from Library import model as Model
  File "C:\Users\nn\dexterslab\Library\model.py", line 1, in <module>
    from . import basic_backend
  File "C:\Users\nn\dexterslab\Library\basic_backend.py", line 4, in <module>
    from .Querybuilder import query_builder as select
  File "C:\Users\nn\dexterslab\Library\Querybuilder\query_builder.py", line 130
    def from(self, table_name=None):
        ^^^^
SyntaxError: invalid syntax
Traceback (most recent call last):
  File "C:\Users\nn\dexterslab\main.py", line 2, in <module>
    from Library import model as Model
  File "C:\Users\nn\dexterslab\Library\model.py", line 1, in <module>
    from . import basic_backend
  File "C:\Users\nn\dexterslab\Library\basic_backend.py", line 4, in <module>
    from .Querybuilder import query_builder as select
  File "C:\Users\nn\dexterslab\Library\Querybuilder\query_builder.py", line 130
    def from(self, table_name=None):
        ^^^^
SyntaxError: invalid syntax
Traceback (most recent call last):
  File "C:\Users\nn\dexterslab\main.py", line 2, in <module>
    from Library import model as Model
  File "C:\Users\nn\dexterslab\Library\model.py", line 1, in <module>
    from . import basic_backend
  File "C:\Users\nn\dexterslab\Library\basic_backend.py", line 4, in <module>
    from .Querybuilder import query_builder as select
  File "C:\Users\nn\dexterslab\Library\Querybuilder\query_builder.py", line 130
    def from(self, table_name=None):
        ^^^^
SyntaxError: invalid syntax
Traceback (most recent call last):
  File "C:\Users\nn\dexterslab\main.py", line 2, in <module>
    from Library import model as Model
  File "C:\Users\nn\dexterslab\Library\model.py", line 1, in <module>
    from . import basic_backend
  File "C:\Users\nn\dexterslab\Library\basic_backend.py", line 4, in <module>
    from .Querybuilder import query_builder as select
  File "C:\Users\nn\dexterslab\Library\Querybuilder\query_builder.py", line 135
    tables = len(table_name)
    ^
IndentationError: expected an indented block after 'if' statement on line 134
Traceback (most recent call last):
  File "C:\Users\nn\dexterslab\main.py", line 2, in <module>
    from Library import model as Model
  File "C:\Users\nn\dexterslab\Library\model.py", line 1, in <module>
    from . import basic_backend
  File "C:\Users\nn\dexterslab\Library\basic_backend.py", line 4, in <module>
    from .Querybuilder import query_builder as select
  File "C:\Users\nn\dexterslab\Library\Querybuilder\query_builder.py", line 146
    else:
    ^^^^
SyntaxError: invalid syntax
Traceback (most recent call last):
  File "C:\Users\nn\dexterslab\main.py", line 2, in <module>
    from Library import model as Model
  File "C:\Users\nn\dexterslab\Library\model.py", line 1, in <module>
    from . import basic_backend
  File "C:\Users\nn\dexterslab\Library\basic_backend.py", line 4, in <module>
    from .Querybuilder import query_builder as select
  File "C:\Users\nn\dexterslab\Library\Querybuilder\query_builder.py", line 146
    else:
    ^^^^
SyntaxError: invalid syntax
WARNING: This is a development server. Do not use it in a production deployment. Use a production WSGI server instead.
 * Running on http://localhost:8080
Press CTRL+C to quit
 * Restarting with stat
 * Debugger is active!
 * Debugger PIN: 187-122-103
 * Detected change in 'C:\\Users\\nn\\dexterslab\\Library\\Querybuilder\\query_builder.py', reloading
 * Restarting with stat
Traceback (most recent call last):
  File "C:\Users\nn\dexterslab\main.py", line 2, in <module>
    from Library import model as Model
  File "C:\Users\nn\dexterslab\Library\model.py", line 1, in <module>
    from . import basic_backend
  File "C:\Users\nn\dexterslab\Library\basic_backend.py", line 4, in <module>
    from .Querybuilder import query_builder as select
  File "C:\Users\nn\dexterslab\Library\Querybuilder\query_builder.py", line 151
    if operator is None:
    ^
IndentationError: expected an indented block after function definition on line 150
Traceback (most recent call last):
  File "C:\Users\nn\dexterslab\main.py", line 2, in <module>
    from Library import model as Model
  File "C:\Users\nn\dexterslab\Library\model.py", line 1, in <module>
    from . import basic_backend
  File "C:\Users\nn\dexterslab\Library\basic_backend.py", line 4, in <module>
    from .Querybuilder import query_builder as select
  File "C:\Users\nn\dexterslab\Library\Querybuilder\query_builder.py", line 152
    value = operator
    ^
IndentationError: expected an indented block after 'if' statement on line 151
Traceback (most recent call last):
  File "C:\Users\nn\dexterslab\main.py", line 2, in <module>
    from Library import model as Model
  File "C:\Users\nn\dexterslab\Library\model.py", line 1, in <module>
    from . import basic_backend
  File "C:\Users\nn\dexterslab\Library\basic_backend.py", line 4, in <module>
    from .Querybuilder import query_builder as select
  File "C:\Users\nn\dexterslab\Library\Querybuilder\query_builder.py", line 169
    return self
    ^^^^^^^^^^^
SyntaxError: 'return' outside function
Traceback (most recent call last):
  File "C:\Users\nn\dexterslab\main.py", line 2, in <module>
    from Library import model as Model
  File "C:\Users\nn\dexterslab\Library\model.py", line 1, in <module>
    from . import basic_backend
  File "C:\Users\nn\dexterslab\Library\basic_backend.py", line 4, in <module>
    from .Querybuilder import query_builder as select
  File "C:\Users\nn\dexterslab\Library\Querybuilder\query_builder.py", line 169
    return self
    ^^^^^^^^^^^
SyntaxError: 'return' outside function
Traceback (most recent call last):
  File "C:\Users\nn\dexterslab\main.py", line 2, in <module>
    from Library import model as Model
  File "C:\Users\nn\dexterslab\Library\model.py", line 1, in <module>
    from . import basic_backend
  File "C:\Users\nn\dexterslab\Library\basic_backend.py", line 4, in <module>
    from .Querybuilder import query_builder as select
  File "C:\Users\nn\dexterslab\Library\Querybuilder\query_builder.py", line 169
    return self
    ^^^^^^^^^^^
SyntaxError: 'return' outside function
Traceback (most recent call last):
  File "C:\Users\nn\dexterslab\main.py", line 2, in <module>
    from Library import model as Model
  File "C:\Users\nn\dexterslab\Library\model.py", line 1, in <module>
    from . import basic_backend
  File "C:\Users\nn\dexterslab\Library\basic_backend.py", line 4, in <module>
    from .Querybuilder import query_builder as select
  File "C:\Users\nn\dexterslab\Library\Querybuilder\query_builder.py", line 161
    elif operator == OPERATOR_NOT_EQUAL:
    ^^^^
SyntaxError: invalid syntax
Traceback (most recent call last):
  File "C:\Users\nn\dexterslab\main.py", line 2, in <module>
    from Library import model as Model
  File "C:\Users\nn\dexterslab\Library\model.py", line 1, in <module>
    from . import basic_backend
  File "C:\Users\nn\dexterslab\Library\basic_backend.py", line 4, in <module>
    from .Querybuilder import query_builder as select
  File "C:\Users\nn\dexterslab\Library\Querybuilder\query_builder.py", line 166
    else:
    ^^^^
SyntaxError: invalid syntax
WARNING: This is a development server. Do not use it in a production deployment. Use a production WSGI server instead.
 * Running on http://localhost:8080
Press CTRL+C to quit
 * Restarting with stat
 * Debugger is active!
 * Debugger PIN: 187-122-103
 * Detected change in 'C:\\Users\\nn\\dexterslab\\Library\\Querybuilder\\query_builder.py', reloading
 * Restarting with stat
 * Debugger is active!
 * Debugger PIN: 187-122-103
 * Detected change in 'C:\\Users\\nn\\dexterslab\\Library\\Querybuilder\\query_builder.py', reloading
 * Restarting with stat
 * Debugger is active!
 * Debugger PIN: 187-122-103
 * Detected change in 'C:\\Users\\nn\\dexterslab\\Library\\Querybuilder\\query_builder.py', reloading
 * Restarting with stat
Traceback (most recent call last):
  File "C:\Users\nn\dexterslab\main.py", line 2, in <module>
    from Library import model as Model
  File "C:\Users\nn\dexterslab\Library\model.py", line 1, in <module>
    from . import basic_backend
  File "C:\Users\nn\dexterslab\Library\basic_backend.py", line 4, in <module>
    from .Querybuilder import query_builder as select
  File "C:\Users\nn\dexterslab\Library\Querybuilder\query_builder.py", line 177
    if self.class is None:
            ^^^^^
SyntaxError: invalid syntax
Traceback (most recent call last):
  File "C:\Users\nn\dexterslab\main.py", line 2, in <module>
    from Library import model as Model
  File "C:\Users\nn\dexterslab\Library\model.py", line 1, in <module>
    from . import basic_backend
  File "C:\Users\nn\dexterslab\Library\basic_backend.py", line 4, in <module>
    from .Querybuilder import query_builder as select
  File "C:\Users\nn\dexterslab\Library\Querybuilder\query_builder.py", line 177
    if self.class is None:
            ^^^^^
SyntaxError: invalid syntax
Traceback (most recent call last):
  File "C:\Users\nn\dexterslab\main.py", line 2, in <module>
    from Library import model as Model
  File "C:\Users\nn\dexterslab\Library\model.py", line 1, in <module>
    from . import basic_backend
  File "C:\Users\nn\dexterslab\Library\basic_backend.py", line 4, in <module>
    from .Querybuilder import query_builder as select
  File "C:\Users\nn\dexterslab\Library\Querybuilder\query_builder.py", line 177
    if self.class is None:
            ^^^^^
SyntaxError: invalid syntax
Traceback (most recent call last):
  File "C:\Users\nn\dexterslab\main.py", line 2, in <module>
    from Library import model as Model
  File "C:\Users\nn\dexterslab\Library\model.py", line 1, in <module>
    from . import basic_backend
  File "C:\Users\nn\dexterslab\Library\basic_backend.py", line 4, in <module>
    from .Querybuilder import query_builder as select
  File "C:\Users\nn\dexterslab\Library\Querybuilder\query_builder.py", line 177
    if self.class is None:
            ^^^^^
SyntaxError: invalid syntax
Traceback (most recent call last):
  File "C:\Users\nn\dexterslab\main.py", line 2, in <module>
    from Library import model as Model
  File "C:\Users\nn\dexterslab\Library\model.py", line 1, in <module>
    from . import basic_backend
  File "C:\Users\nn\dexterslab\Library\basic_backend.py", line 4, in <module>
    from .Querybuilder import query_builder as select
  File "C:\Users\nn\dexterslab\Library\Querybuilder\query_builder.py", line 177
    if self.class is None:
            ^^^^^
SyntaxError: invalid syntax
Traceback (most recent call last):
  File "C:\Users\nn\dexterslab\main.py", line 2, in <module>
    from Library import model as Model
  File "C:\Users\nn\dexterslab\Library\model.py", line 1, in <module>
    from . import basic_backend
  File "C:\Users\nn\dexterslab\Library\basic_backend.py", line 4, in <module>
    from .Querybuilder import query_builder as select
  File "C:\Users\nn\dexterslab\Library\Querybuilder\query_builder.py", line 177
    if self.class is None:
            ^^^^^
SyntaxError: invalid syntax
Traceback (most recent call last):
  File "C:\Users\nn\dexterslab\main.py", line 2, in <module>
    from Library import model as Model
  File "C:\Users\nn\dexterslab\Library\model.py", line 1, in <module>
    from . import basic_backend
  File "C:\Users\nn\dexterslab\Library\basic_backend.py", line 4, in <module>
    from .Querybuilder import query_builder as select
  File "C:\Users\nn\dexterslab\Library\Querybuilder\query_builder.py", line 177
    if self.class is None:
            ^^^^^
SyntaxError: invalid syntax
Traceback (most recent call last):
  File "C:\Users\nn\dexterslab\main.py", line 2, in <module>
    from Library import model as Model
  File "C:\Users\nn\dexterslab\Library\model.py", line 1, in <module>
    from . import basic_backend
  File "C:\Users\nn\dexterslab\Library\basic_backend.py", line 4, in <module>
    from .Querybuilder import query_builder as select
  File "C:\Users\nn\dexterslab\Library\Querybuilder\query_builder.py", line 177
    if self.class is None:
            ^^^^^
SyntaxError: invalid syntax
Traceback (most recent call last):
  File "C:\Users\nn\dexterslab\main.py", line 2, in <module>
    from Library import model as Model
  File "C:\Users\nn\dexterslab\Library\model.py", line 1, in <module>
    from . import basic_backend
  File "C:\Users\nn\dexterslab\Library\basic_backend.py", line 4, in <module>
    from .Querybuilder import query_builder as select
  File "C:\Users\nn\dexterslab\Library\Querybuilder\query_builder.py", line 177
    if self.class is None:
            ^^^^^
SyntaxError: invalid syntax
Traceback (most recent call last):
  File "C:\Users\nn\dexterslab\main.py", line 2, in <module>
    from Library import model as Model
  File "C:\Users\nn\dexterslab\Library\model.py", line 1, in <module>
    from . import basic_backend
  File "C:\Users\nn\dexterslab\Library\basic_backend.py", line 4, in <module>
    from .Querybuilder import query_builder as select
  File "C:\Users\nn\dexterslab\Library\Querybuilder\query_builder.py", line 177
    if self.class is None:
            ^^^^^
SyntaxError: invalid syntax
Traceback (most recent call last):
  File "C:\Users\nn\dexterslab\main.py", line 2, in <module>
    from Library import model as Model
  File "C:\Users\nn\dexterslab\Library\model.py", line 1, in <module>
    from . import basic_backend
  File "C:\Users\nn\dexterslab\Library\basic_backend.py", line 4, in <module>
    from .Querybuilder import query_builder as select
  File "C:\Users\nn\dexterslab\Library\Querybuilder\query_builder.py", line 177
    if self.class is None:
            ^^^^^
SyntaxError: invalid syntax
Traceback (most recent call last):
  File "C:\Users\nn\dexterslab\main.py", line 2, in <module>
    from Library import model as Model
  File "C:\Users\nn\dexterslab\Library\model.py", line 1, in <module>
    from . import basic_backend
  File "C:\Users\nn\dexterslab\Library\basic_backend.py", line 4, in <module>
    from .Querybuilder import query_builder as select
  File "C:\Users\nn\dexterslab\Library\Querybuilder\query_builder.py", line 177
    if self.class is None:
            ^^^^^
SyntaxError: invalid syntax
Traceback (most recent call last):
  File "C:\Users\nn\dexterslab\main.py", line 2, in <module>
    from Library import model as Model
  File "C:\Users\nn\dexterslab\Library\model.py", line 1, in <module>
    from . import basic_backend
  File "C:\Users\nn\dexterslab\Library\basic_backend.py", line 4, in <module>
    from .Querybuilder import query_builder as select
  File "C:\Users\nn\dexterslab\Library\Querybuilder\query_builder.py", line 177
    if self.class is None:
            ^^^^^
SyntaxError: invalid syntax
Traceback (most recent call last):
  File "C:\Users\nn\dexterslab\main.py", line 2, in <module>
    from Library import model as Model
  File "C:\Users\nn\dexterslab\Library\model.py", line 1, in <module>
    from . import basic_backend
  File "C:\Users\nn\dexterslab\Library\basic_backend.py", line 4, in <module>
    from .Querybuilder import query_builder as select
  File "C:\Users\nn\dexterslab\Library\Querybuilder\query_builder.py", line 177
    if self.class is None:
            ^^^^^
SyntaxError: invalid syntax
Traceback (most recent call last):
  File "C:\Users\nn\dexterslab\main.py", line 2, in <module>
    from Library import model as Model
  File "C:\Users\nn\dexterslab\Library\model.py", line 1, in <module>
    from . import basic_backend
  File "C:\Users\nn\dexterslab\Library\basic_backend.py", line 4, in <module>
    from .Querybuilder import query_builder as select
  File "C:\Users\nn\dexterslab\Library\Querybuilder\query_builder.py", line 177
    if self.class is None:
            ^^^^^
SyntaxError: invalid syntax
Traceback (most recent call last):
  File "C:\Users\nn\dexterslab\main.py", line 2, in <module>
    from Library import model as Model
  File "C:\Users\nn\dexterslab\Library\model.py", line 1, in <module>
    from . import basic_backend
  File "C:\Users\nn\dexterslab\Library\basic_backend.py", line 4, in <module>
    from .Querybuilder import query_builder as select
  File "C:\Users\nn\dexterslab\Library\Querybuilder\query_builder.py", line 177
    if self.class is None:
            ^^^^^
SyntaxError: invalid syntax
Traceback (most recent call last):
  File "C:\Users\nn\dexterslab\main.py", line 2, in <module>
    from Library import model as Model
  File "C:\Users\nn\dexterslab\Library\model.py", line 1, in <module>
    from . import basic_backend
  File "C:\Users\nn\dexterslab\Library\basic_backend.py", line 4, in <module>
    from .Querybuilder import query_builder as select
  File "C:\Users\nn\dexterslab\Library\Querybuilder\query_builder.py", line 177
    if self.class is None:
            ^^^^^
SyntaxError: invalid syntax
Traceback (most recent call last):
  File "C:\Users\nn\dexterslab\main.py", line 2, in <module>
    from Library import model as Model
  File "C:\Users\nn\dexterslab\Library\model.py", line 1, in <module>
    from . import basic_backend
  File "C:\Users\nn\dexterslab\Library\basic_backend.py", line 4, in <module>
    from .Querybuilder import query_builder as select
  File "C:\Users\nn\dexterslab\Library\Querybuilder\query_builder.py", line 177
    if self.class is None:
            ^^^^^
SyntaxError: invalid syntax
Traceback (most recent call last):
  File "C:\Users\nn\dexterslab\main.py", line 2, in <module>
    from Library import model as Model
  File "C:\Users\nn\dexterslab\Library\model.py", line 1, in <module>
    from . import basic_backend
  File "C:\Users\nn\dexterslab\Library\basic_backend.py", line 4, in <module>
    from .Querybuilder import query_builder as select
  File "C:\Users\nn\dexterslab\Library\Querybuilder\query_builder.py", line 177
    if self.class is None:
            ^^^^^
SyntaxError: invalid syntax
Traceback (most recent call last):
  File "C:\Users\nn\dexterslab\main.py", line 2, in <module>
    from Library import model as Model
  File "C:\Users\nn\dexterslab\Library\model.py", line 1, in <module>
    from . import basic_backend
  File "C:\Users\nn\dexterslab\Library\basic_backend.py", line 4, in <module>
    from .Querybuilder import query_builder as select
  File "C:\Users\nn\dexterslab\Library\Querybuilder\query_builder.py", line 177
    if self.class is None:
            ^^^^^
SyntaxError: invalid syntax
Traceback (most recent call last):
  File "C:\Users\nn\dexterslab\main.py", line 2, in <module>
    from Library import model as Model
  File "C:\Users\nn\dexterslab\Library\model.py", line 1, in <module>
    from . import basic_backend
  File "C:\Users\nn\dexterslab\Library\basic_backend.py", line 4, in <module>
    from .Querybuilder import query_builder as select
  File "C:\Users\nn\dexterslab\Library\Querybuilder\query_builder.py", line 177
    if self.class is None:
            ^^^^^
SyntaxError: invalid syntax
Traceback (most recent call last):
  File "C:\Users\nn\dexterslab\main.py", line 2, in <module>
    from Library import model as Model
  File "C:\Users\nn\dexterslab\Library\model.py", line 1, in <module>
    from . import basic_backend
  File "C:\Users\nn\dexterslab\Library\basic_backend.py", line 4, in <module>
    from .Querybuilder import query_builder as select
  File "C:\Users\nn\dexterslab\Library\Querybuilder\query_builder.py", line 177
    if self.class is None:
            ^^^^^
SyntaxError: invalid syntax
Traceback (most recent call last):
  File "C:\Users\nn\dexterslab\main.py", line 2, in <module>
    from Library import model as Model
  File "C:\Users\nn\dexterslab\Library\model.py", line 1, in <module>
    from . import basic_backend
  File "C:\Users\nn\dexterslab\Library\basic_backend.py", line 4, in <module>
    from .Querybuilder import query_builder as select
  File "C:\Users\nn\dexterslab\Library\Querybuilder\query_builder.py", line 177
    if self.class is None:
            ^^^^^
SyntaxError: invalid syntax
Traceback (most recent call last):
  File "C:\Users\nn\dexterslab\main.py", line 2, in <module>
    from Library import model as Model
  File "C:\Users\nn\dexterslab\Library\model.py", line 1, in <module>
    from . import basic_backend
  File "C:\Users\nn\dexterslab\Library\basic_backend.py", line 4, in <module>
    from .Querybuilder import query_builder as select
  File "C:\Users\nn\dexterslab\Library\Querybuilder\query_builder.py", line 177
    if self.class is None:
            ^^^^^
SyntaxError: invalid syntax
Traceback (most recent call last):
  File "C:\Users\nn\dexterslab\main.py", line 2, in <module>
    from Library import model as Model
  File "C:\Users\nn\dexterslab\Library\model.py", line 1, in <module>
    from . import basic_backend
  File "C:\Users\nn\dexterslab\Library\basic_backend.py", line 4, in <module>
    from .Querybuilder import query_builder as select
  File "C:\Users\nn\dexterslab\Library\Querybuilder\query_builder.py", line 177
    if self.class is None:
            ^^^^^
SyntaxError: invalid syntax
Traceback (most recent call last):
  File "C:\Users\nn\dexterslab\main.py", line 2, in <module>
    from Library import model as Model
  File "C:\Users\nn\dexterslab\Library\model.py", line 1, in <module>
    from . import basic_backend
  File "C:\Users\nn\dexterslab\Library\basic_backend.py", line 4, in <module>
    from .Querybuilder import query_builder as select
  File "C:\Users\nn\dexterslab\Library\Querybuilder\query_builder.py", line 177
    if self.class is None:
            ^^^^^
SyntaxError: invalid syntax
Traceback (most recent call last):
  File "C:\Users\nn\dexterslab\main.py", line 2, in <module>
    from Library import model as Model
  File "C:\Users\nn\dexterslab\Library\model.py", line 1, in <module>
    from . import basic_backend
  File "C:\Users\nn\dexterslab\Library\basic_backend.py", line 4, in <module>
    from .Querybuilder import query_builder as select
  File "C:\Users\nn\dexterslab\Library\Querybuilder\query_builder.py", line 177
    if self.class is None:
            ^^^^^
SyntaxError: invalid syntax
Traceback (most recent call last):
  File "C:\Users\nn\dexterslab\main.py", line 2, in <module>
    from Library import model as Model
  File "C:\Users\nn\dexterslab\Library\model.py", line 1, in <module>
    from . import basic_backend
  File "C:\Users\nn\dexterslab\Library\basic_backend.py", line 4, in <module>
    from .Querybuilder import query_builder as select
  File "C:\Users\nn\dexterslab\Library\Querybuilder\query_builder.py", line 177
    if self.class is None:
            ^^^^^
SyntaxError: invalid syntax
Traceback (most recent call last):
  File "C:\Users\nn\dexterslab\main.py", line 2, in <module>
    from Library import model as Model
  File "C:\Users\nn\dexterslab\Library\model.py", line 1, in <module>
    from . import basic_backend
  File "C:\Users\nn\dexterslab\Library\basic_backend.py", line 4, in <module>
    from .Querybuilder import query_builder as select
  File "C:\Users\nn\dexterslab\Library\Querybuilder\query_builder.py", line 177
    if self.class is None:
            ^^^^^
SyntaxError: invalid syntax
Traceback (most recent call last):
  File "C:\Users\nn\dexterslab\main.py", line 2, in <module>
    from Library import model as Model
  File "C:\Users\nn\dexterslab\Library\model.py", line 1, in <module>
    from . import basic_backend
  File "C:\Users\nn\dexterslab\Library\basic_backend.py", line 4, in <module>
    from .Querybuilder import query_builder as select
  File "C:\Users\nn\dexterslab\Library\Querybuilder\query_builder.py", line 177
    if self.class is None:
            ^^^^^
SyntaxError: invalid syntax
Traceback (most recent call last):
  File "C:\Users\nn\dexterslab\main.py", line 2, in <module>
    from Library import model as Model
  File "C:\Users\nn\dexterslab\Library\model.py", line 1, in <module>
    from . import basic_backend
  File "C:\Users\nn\dexterslab\Library\basic_backend.py", line 4, in <module>
    from .Querybuilder import query_builder as select
  File "C:\Users\nn\dexterslab\Library\Querybuilder\query_builder.py", line 177
    if self.class is None:
            ^^^^^
SyntaxError: invalid syntax
Traceback (most recent call last):
  File "C:\Users\nn\dexterslab\main.py", line 2, in <module>
    from Library import model as Model
  File "C:\Users\nn\dexterslab\Library\model.py", line 1, in <module>
    from . import basic_backend
  File "C:\Users\nn\dexterslab\Library\basic_backend.py", line 4, in <module>
    from .Querybuilder import query_builder as select
  File "C:\Users\nn\dexterslab\Library\Querybuilder\query_builder.py", line 177
    if self.class is None:
            ^^^^^
SyntaxError: invalid syntax
Traceback (most recent call last):
  File "C:\Users\nn\dexterslab\main.py", line 2, in <module>
    from Library import model as Model
  File "C:\Users\nn\dexterslab\Library\model.py", line 1, in <module>
    from . import basic_backend
  File "C:\Users\nn\dexterslab\Library\basic_backend.py", line 4, in <module>
    from .Querybuilder import query_builder as select
  File "C:\Users\nn\dexterslab\Library\Querybuilder\query_builder.py", line 177
    if self.class is None:
            ^^^^^
SyntaxError: invalid syntax
Traceback (most recent call last):
  File "C:\Users\nn\dexterslab\main.py", line 2, in <module>
    from Library import model as Model
  File "C:\Users\nn\dexterslab\Library\model.py", line 1, in <module>
    from . import basic_backend
  File "C:\Users\nn\dexterslab\Library\basic_backend.py", line 4, in <module>
    from .Querybuilder import query_builder as select
  File "C:\Users\nn\dexterslab\Library\Querybuilder\query_builder.py", line 177
    if self.class is None:
            ^^^^^
SyntaxError: invalid syntax
Traceback (most recent call last):
  File "C:\Users\nn\dexterslab\main.py", line 2, in <module>
    from Library import model as Model
  File "C:\Users\nn\dexterslab\Library\model.py", line 1, in <module>
    from . import basic_backend
  File "C:\Users\nn\dexterslab\Library\basic_backend.py", line 4, in <module>
    from .Querybuilder import query_builder as select
  File "C:\Users\nn\dexterslab\Library\Querybuilder\query_builder.py", line 177
    if self.class is None:
            ^^^^^
SyntaxError: invalid syntax
Traceback (most recent call last):
  File "C:\Users\nn\dexterslab\main.py", line 2, in <module>
    from Library import model as Model
  File "C:\Users\nn\dexterslab\Library\model.py", line 1, in <module>
    from . import basic_backend
  File "C:\Users\nn\dexterslab\Library\basic_backend.py", line 4, in <module>
    from .Querybuilder import query_builder as select
  File "C:\Users\nn\dexterslab\Library\Querybuilder\query_builder.py", line 177
    if self.class is None:
            ^^^^^
SyntaxError: invalid syntax
Traceback (most recent call last):
  File "C:\Users\nn\dexterslab\main.py", line 2, in <module>
    from Library import model as Model
  File "C:\Users\nn\dexterslab\Library\model.py", line 1, in <module>
    from . import basic_backend
  File "C:\Users\nn\dexterslab\Library\basic_backend.py", line 4, in <module>
    from .Querybuilder import query_builder as select
  File "C:\Users\nn\dexterslab\Library\Querybuilder\query_builder.py", line 177
    if self.class is None:
            ^^^^^
SyntaxError: invalid syntax
Traceback (most recent call last):
  File "C:\Users\nn\dexterslab\main.py", line 2, in <module>
    from Library import model as Model
  File "C:\Users\nn\dexterslab\Library\model.py", line 1, in <module>
    from . import basic_backend
  File "C:\Users\nn\dexterslab\Library\basic_backend.py", line 4, in <module>
    from .Querybuilder import query_builder as select
  File "C:\Users\nn\dexterslab\Library\Querybuilder\query_builder.py", line 177
    if self.class is None:
            ^^^^^
SyntaxError: invalid syntax
Traceback (most recent call last):
  File "C:\Users\nn\dexterslab\main.py", line 2, in <module>
    from Library import model as Model
  File "C:\Users\nn\dexterslab\Library\model.py", line 1, in <module>
    from . import basic_backend
  File "C:\Users\nn\dexterslab\Library\basic_backend.py", line 4, in <module>
    from .Querybuilder import query_builder as select
  File "C:\Users\nn\dexterslab\Library\Querybuilder\query_builder.py", line 177
    if self.class is None:
            ^^^^^
SyntaxError: invalid syntax
Traceback (most recent call last):
  File "C:\Users\nn\dexterslab\main.py", line 2, in <module>
    from Library import model as Model
  File "C:\Users\nn\dexterslab\Library\model.py", line 1, in <module>
    from . import basic_backend
  File "C:\Users\nn\dexterslab\Library\basic_backend.py", line 4, in <module>
    from .Querybuilder import query_builder as select
  File "C:\Users\nn\dexterslab\Library\Querybuilder\query_builder.py", line 177
    if self.class is None:
            ^^^^^
SyntaxError: invalid syntax
Traceback (most recent call last):
  File "C:\Users\nn\dexterslab\main.py", line 2, in <module>
    from Library import model as Model
  File "C:\Users\nn\dexterslab\Library\model.py", line 1, in <module>
    from . import basic_backend
  File "C:\Users\nn\dexterslab\Library\basic_backend.py", line 4, in <module>
    from .Querybuilder import query_builder as select
  File "C:\Users\nn\dexterslab\Library\Querybuilder\query_builder.py", line 177
    if self.class is None:
            ^^^^^
SyntaxError: invalid syntax
Traceback (most recent call last):
  File "C:\Users\nn\dexterslab\main.py", line 2, in <module>
    from Library import model as Model
  File "C:\Users\nn\dexterslab\Library\model.py", line 1, in <module>
    from . import basic_backend
  File "C:\Users\nn\dexterslab\Library\basic_backend.py", line 4, in <module>
    from .Querybuilder import query_builder as select
  File "C:\Users\nn\dexterslab\Library\Querybuilder\query_builder.py", line 177
    if self.class is None:
            ^^^^^
SyntaxError: invalid syntax
Traceback (most recent call last):
  File "C:\Users\nn\dexterslab\main.py", line 2, in <module>
    from Library import model as Model
  File "C:\Users\nn\dexterslab\Library\model.py", line 1, in <module>
    from . import basic_backend
  File "C:\Users\nn\dexterslab\Library\basic_backend.py", line 4, in <module>
    from .Querybuilder import query_builder as select
  File "C:\Users\nn\dexterslab\Library\Querybuilder\query_builder.py", line 177
    if self.class is None:
            ^^^^^
SyntaxError: invalid syntax
Traceback (most recent call last):
  File "C:\Users\nn\dexterslab\main.py", line 2, in <module>
    from Library import model as Model
  File "C:\Users\nn\dexterslab\Library\model.py", line 1, in <module>
    from . import basic_backend
  File "C:\Users\nn\dexterslab\Library\basic_backend.py", line 4, in <module>
    from .Querybuilder import query_builder as select
  File "C:\Users\nn\dexterslab\Library\Querybuilder\query_builder.py", line 177
    if self.class is None:
            ^^^^^
SyntaxError: invalid syntax
Traceback (most recent call last):
  File "C:\Users\nn\dexterslab\main.py", line 2, in <module>
    from Library import model as Model
  File "C:\Users\nn\dexterslab\Library\model.py", line 1, in <module>
    from . import basic_backend
  File "C:\Users\nn\dexterslab\Library\basic_backend.py", line 4, in <module>
    from .Querybuilder import query_builder as select
  File "C:\Users\nn\dexterslab\Library\Querybuilder\query_builder.py", line 177
    if self.class is None:
            ^^^^^
SyntaxError: invalid syntax
Traceback (most recent call last):
  File "C:\Users\nn\dexterslab\main.py", line 2, in <module>
    from Library import model as Model
  File "C:\Users\nn\dexterslab\Library\model.py", line 1, in <module>
    from . import basic_backend
  File "C:\Users\nn\dexterslab\Library\basic_backend.py", line 4, in <module>
    from .Querybuilder import query_builder as select
  File "C:\Users\nn\dexterslab\Library\Querybuilder\query_builder.py", line 177
    if self.class is None:
            ^^^^^
SyntaxError: invalid syntax
Traceback (most recent call last):
  File "C:\Users\nn\dexterslab\main.py", line 2, in <module>
    from Library import model as Model
  File "C:\Users\nn\dexterslab\Library\model.py", line 1, in <module>
    from . import basic_backend
  File "C:\Users\nn\dexterslab\Library\basic_backend.py", line 4, in <module>
    from .Querybuilder import query_builder as select
  File "C:\Users\nn\dexterslab\Library\Querybuilder\query_builder.py", line 177
    if self.class is None:
            ^^^^^
SyntaxError: invalid syntax
Traceback (most recent call last):
  File "C:\Users\nn\dexterslab\main.py", line 2, in <module>
    from Library import model as Model
  File "C:\Users\nn\dexterslab\Library\model.py", line 1, in <module>
    from . import basic_backend
  File "C:\Users\nn\dexterslab\Library\basic_backend.py", line 4, in <module>
    from .Querybuilder import query_builder as select
  File "C:\Users\nn\dexterslab\Library\Querybuilder\query_builder.py", line 177
    if self.class is None:
            ^^^^^
SyntaxError: invalid syntax
Traceback (most recent call last):
  File "C:\Users\nn\dexterslab\main.py", line 2, in <module>
    from Library import model as Model
  File "C:\Users\nn\dexterslab\Library\model.py", line 1, in <module>
    from . import basic_backend
  File "C:\Users\nn\dexterslab\Library\basic_backend.py", line 4, in <module>
    from .Querybuilder import query_builder as select
  File "C:\Users\nn\dexterslab\Library\Querybuilder\query_builder.py", line 177
    if self.class is None:
            ^^^^^
SyntaxError: invalid syntax
Traceback (most recent call last):
  File "C:\Users\nn\dexterslab\main.py", line 2, in <module>
    from Library import model as Model
  File "C:\Users\nn\dexterslab\Library\model.py", line 1, in <module>
    from . import basic_backend
  File "C:\Users\nn\dexterslab\Library\basic_backend.py", line 4, in <module>
    from .Querybuilder import query_builder as select
  File "C:\Users\nn\dexterslab\Library\Querybuilder\query_builder.py", line 177
    if self.class is None:
            ^^^^^
SyntaxError: invalid syntax
Traceback (most recent call last):
  File "C:\Users\nn\dexterslab\main.py", line 2, in <module>
    from Library import model as Model
  File "C:\Users\nn\dexterslab\Library\model.py", line 1, in <module>
    from . import basic_backend
  File "C:\Users\nn\dexterslab\Library\basic_backend.py", line 4, in <module>
    from .Querybuilder import query_builder as select
  File "C:\Users\nn\dexterslab\Library\Querybuilder\query_builder.py", line 177
    if self.class is None:
            ^^^^^
SyntaxError: invalid syntax
Traceback (most recent call last):
  File "C:\Users\nn\dexterslab\main.py", line 2, in <module>
    from Library import model as Model
  File "C:\Users\nn\dexterslab\Library\model.py", line 1, in <module>
    from . import basic_backend
  File "C:\Users\nn\dexterslab\Library\basic_backend.py", line 4, in <module>
    from .Querybuilder import query_builder as select
  File "C:\Users\nn\dexterslab\Library\Querybuilder\query_builder.py", line 177
    if self.class is None:
            ^^^^^
SyntaxError: invalid syntax
Traceback (most recent call last):
  File "C:\Users\nn\dexterslab\main.py", line 2, in <module>
    from Library import model as Model
  File "C:\Users\nn\dexterslab\Library\model.py", line 1, in <module>
    from . import basic_backend
  File "C:\Users\nn\dexterslab\Library\basic_backend.py", line 4, in <module>
    from .Querybuilder import query_builder as select
  File "C:\Users\nn\dexterslab\Library\Querybuilder\query_builder.py", line 177
    if self.class is None:
            ^^^^^
SyntaxError: invalid syntax
Traceback (most recent call last):
  File "C:\Users\nn\dexterslab\main.py", line 2, in <module>
    from Library import model as Model
  File "C:\Users\nn\dexterslab\Library\model.py", line 1, in <module>
    from . import basic_backend
  File "C:\Users\nn\dexterslab\Library\basic_backend.py", line 4, in <module>
    from .Querybuilder import query_builder as select
  File "C:\Users\nn\dexterslab\Library\Querybuilder\query_builder.py", line 177
    if self.class is None:
            ^^^^^
SyntaxError: invalid syntax
Traceback (most recent call last):
  File "C:\Users\nn\dexterslab\main.py", line 2, in <module>
    from Library import model as Model
  File "C:\Users\nn\dexterslab\Library\model.py", line 1, in <module>
    from . import basic_backend
  File "C:\Users\nn\dexterslab\Library\basic_backend.py", line 4, in <module>
    from .Querybuilder import query_builder as select
  File "C:\Users\nn\dexterslab\Library\Querybuilder\query_builder.py", line 177
    if self.class is None:
            ^^^^^
SyntaxError: invalid syntax
Traceback (most recent call last):
  File "C:\Users\nn\dexterslab\main.py", line 2, in <module>
    from Library import model as Model
  File "C:\Users\nn\dexterslab\Library\model.py", line 1, in <module>
    from . import basic_backend
  File "C:\Users\nn\dexterslab\Library\basic_backend.py", line 4, in <module>
    from .Querybuilder import query_builder as select
  File "C:\Users\nn\dexterslab\Library\Querybuilder\query_builder.py", line 177
    if self.class is None:
            ^^^^^
SyntaxError: invalid syntax
Traceback (most recent call last):
  File "C:\Users\nn\dexterslab\main.py", line 2, in <module>
    from Library import model as Model
  File "C:\Users\nn\dexterslab\Library\model.py", line 1, in <module>
    from . import basic_backend
  File "C:\Users\nn\dexterslab\Library\basic_backend.py", line 4, in <module>
    from .Querybuilder import query_builder as select
  File "C:\Users\nn\dexterslab\Library\Querybuilder\query_builder.py", line 177
    if self.class is None:
            ^^^^^
SyntaxError: invalid syntax
Traceback (most recent call last):
  File "C:\Users\nn\dexterslab\main.py", line 2, in <module>
    from Library import model as Model
  File "C:\Users\nn\dexterslab\Library\model.py", line 1, in <module>
    from . import basic_backend
  File "C:\Users\nn\dexterslab\Library\basic_backend.py", line 4, in <module>
    from .Querybuilder import query_builder as select
  File "C:\Users\nn\dexterslab\Library\Querybuilder\query_builder.py", line 177
    if self.class is None:
            ^^^^^
SyntaxError: invalid syntax
Traceback (most recent call last):
  File "C:\Users\nn\dexterslab\main.py", line 2, in <module>
    from Library import model as Model
  File "C:\Users\nn\dexterslab\Library\model.py", line 1, in <module>
    from . import basic_backend
  File "C:\Users\nn\dexterslab\Library\basic_backend.py", line 4, in <module>
    from .Querybuilder import query_builder as select
  File "C:\Users\nn\dexterslab\Library\Querybuilder\query_builder.py", line 177
    if self.class is None:
            ^^^^^
SyntaxError: invalid syntax
Traceback (most recent call last):
  File "C:\Users\nn\dexterslab\main.py", line 2, in <module>
    from Library import model as Model
  File "C:\Users\nn\dexterslab\Library\model.py", line 1, in <module>
    from . import basic_backend
  File "C:\Users\nn\dexterslab\Library\basic_backend.py", line 4, in <module>
    from .Querybuilder import query_builder as select
  File "C:\Users\nn\dexterslab\Library\Querybuilder\query_builder.py", line 177
    if self.class is None:
            ^^^^^
SyntaxError: invalid syntax
Traceback (most recent call last):
  File "C:\Users\nn\dexterslab\main.py", line 2, in <module>
    from Library import model as Model
  File "C:\Users\nn\dexterslab\Library\model.py", line 1, in <module>
    from . import basic_backend
  File "C:\Users\nn\dexterslab\Library\basic_backend.py", line 4, in <module>
    from .Querybuilder import query_builder as select
  File "C:\Users\nn\dexterslab\Library\Querybuilder\query_builder.py", line 177
    if self.class is None:
            ^^^^^
SyntaxError: invalid syntax
Traceback (most recent call last):
  File "C:\Users\nn\dexterslab\main.py", line 2, in <module>
    from Library import model as Model
  File "C:\Users\nn\dexterslab\Library\model.py", line 1, in <module>
    from . import basic_backend
  File "C:\Users\nn\dexterslab\Library\basic_backend.py", line 4, in <module>
    from .Querybuilder import query_builder as select
  File "C:\Users\nn\dexterslab\Library\Querybuilder\query_builder.py", line 177
    if self.class is None:
            ^^^^^
SyntaxError: invalid syntax
Traceback (most recent call last):
  File "C:\Users\nn\dexterslab\main.py", line 2, in <module>
    from Library import model as Model
  File "C:\Users\nn\dexterslab\Library\model.py", line 1, in <module>
    from . import basic_backend
  File "C:\Users\nn\dexterslab\Library\basic_backend.py", line 4, in <module>
    from .Querybuilder import query_builder as select
  File "C:\Users\nn\dexterslab\Library\Querybuilder\query_builder.py", line 177
    if self.class is None:
            ^^^^^
SyntaxError: invalid syntax
Traceback (most recent call last):
  File "C:\Users\nn\dexterslab\main.py", line 2, in <module>
    from Library import model as Model
  File "C:\Users\nn\dexterslab\Library\model.py", line 1, in <module>
    from . import basic_backend
  File "C:\Users\nn\dexterslab\Library\basic_backend.py", line 4, in <module>
    from .Querybuilder import query_builder as select
  File "C:\Users\nn\dexterslab\Library\Querybuilder\query_builder.py", line 177
    if self.class is None:
            ^^^^^
SyntaxError: invalid syntax
Traceback (most recent call last):
  File "C:\Users\nn\dexterslab\main.py", line 2, in <module>
    from Library import model as Model
  File "C:\Users\nn\dexterslab\Library\model.py", line 1, in <module>
    from . import basic_backend
  File "C:\Users\nn\dexterslab\Library\basic_backend.py", line 4, in <module>
    from .Querybuilder import query_builder as select
  File "C:\Users\nn\dexterslab\Library\Querybuilder\query_builder.py", line 177
    if self.class is None:
            ^^^^^
SyntaxError: invalid syntax
Traceback (most recent call last):
  File "C:\Users\nn\dexterslab\main.py", line 2, in <module>
    from Library import model as Model
  File "C:\Users\nn\dexterslab\Library\model.py", line 1, in <module>
    from . import basic_backend
  File "C:\Users\nn\dexterslab\Library\basic_backend.py", line 4, in <module>
    from .Querybuilder import query_builder as select
  File "C:\Users\nn\dexterslab\Library\Querybuilder\query_builder.py", line 177
    if self.class is None:
            ^^^^^
SyntaxError: invalid syntax
Traceback (most recent call last):
  File "C:\Users\nn\dexterslab\main.py", line 2, in <module>
    from Library import model as Model
  File "C:\Users\nn\dexterslab\Library\model.py", line 1, in <module>
    from . import basic_backend
  File "C:\Users\nn\dexterslab\Library\basic_backend.py", line 4, in <module>
    from .Querybuilder import query_builder as select
  File "C:\Users\nn\dexterslab\Library\Querybuilder\query_builder.py", line 177
    if self.class is None:
            ^^^^^
SyntaxError: invalid syntax
Traceback (most recent call last):
  File "C:\Users\nn\dexterslab\main.py", line 2, in <module>
    from Library import model as Model
  File "C:\Users\nn\dexterslab\Library\model.py", line 1, in <module>
    from . import basic_backend
  File "C:\Users\nn\dexterslab\Library\basic_backend.py", line 4, in <module>
    from .Querybuilder import query_builder as select
  File "C:\Users\nn\dexterslab\Library\Querybuilder\query_builder.py", line 177
    if self.class is None:
            ^^^^^
SyntaxError: invalid syntax
Traceback (most recent call last):
  File "C:\Users\nn\dexterslab\main.py", line 2, in <module>
    from Library import model as Model
  File "C:\Users\nn\dexterslab\Library\model.py", line 1, in <module>
    from . import basic_backend
  File "C:\Users\nn\dexterslab\Library\basic_backend.py", line 4, in <module>
    from .Querybuilder import query_builder as select
  File "C:\Users\nn\dexterslab\Library\Querybuilder\query_builder.py", line 177
    if self.class is None:
            ^^^^^
SyntaxError: invalid syntax
Traceback (most recent call last):
  File "C:\Users\nn\dexterslab\main.py", line 2, in <module>
    from Library import model as Model
  File "C:\Users\nn\dexterslab\Library\model.py", line 1, in <module>
    from . import basic_backend
  File "C:\Users\nn\dexterslab\Library\basic_backend.py", line 4, in <module>
    from .Querybuilder import query_builder as select
  File "C:\Users\nn\dexterslab\Library\Querybuilder\query_builder.py", line 177
    if self.class is None:
            ^^^^^
SyntaxError: invalid syntax
Traceback (most recent call last):
  File "C:\Users\nn\dexterslab\main.py", line 2, in <module>
    from Library import model as Model
  File "C:\Users\nn\dexterslab\Library\model.py", line 1, in <module>
    from . import basic_backend
  File "C:\Users\nn\dexterslab\Library\basic_backend.py", line 4, in <module>
    from .Querybuilder import query_builder as select
  File "C:\Users\nn\dexterslab\Library\Querybuilder\query_builder.py", line 177
    if self.class is None:
            ^^^^^
SyntaxError: invalid syntax
Traceback (most recent call last):
  File "C:\Users\nn\dexterslab\main.py", line 2, in <module>
    from Library import model as Model
  File "C:\Users\nn\dexterslab\Library\model.py", line 1, in <module>
    from . import basic_backend
  File "C:\Users\nn\dexterslab\Library\basic_backend.py", line 4, in <module>
    from .Querybuilder import query_builder as select
  File "C:\Users\nn\dexterslab\Library\Querybuilder\query_builder.py", line 177
    if self.class is None:
            ^^^^^
SyntaxError: invalid syntax
Traceback (most recent call last):
  File "C:\Users\nn\dexterslab\main.py", line 2, in <module>
    from Library import model as Model
  File "C:\Users\nn\dexterslab\Library\model.py", line 1, in <module>
    from . import basic_backend
  File "C:\Users\nn\dexterslab\Library\basic_backend.py", line 4, in <module>
    from .Querybuilder import query_builder as select
  File "C:\Users\nn\dexterslab\Library\Querybuilder\query_builder.py", line 177
    if self.class is None:
            ^^^^^
SyntaxError: invalid syntax
Traceback (most recent call last):
  File "C:\Users\nn\dexterslab\main.py", line 2, in <module>
    from Library import model as Model
  File "C:\Users\nn\dexterslab\Library\model.py", line 1, in <module>
    from . import basic_backend
  File "C:\Users\nn\dexterslab\Library\basic_backend.py", line 4, in <module>
    from .Querybuilder import query_builder as select
  File "C:\Users\nn\dexterslab\Library\Querybuilder\query_builder.py", line 178
    if self.class is None:
            ^^^^^
SyntaxError: invalid syntax
Traceback (most recent call last):
  File "C:\Users\nn\dexterslab\main.py", line 2, in <module>
    from Library import model as Model
  File "C:\Users\nn\dexterslab\Library\model.py", line 1, in <module>
    from . import basic_backend
  File "C:\Users\nn\dexterslab\Library\basic_backend.py", line 4, in <module>
    from .Querybuilder import query_builder as select
  File "C:\Users\nn\dexterslab\Library\Querybuilder\query_builder.py", line 178
    if self.class is None:
            ^^^^^
SyntaxError: invalid syntax
Traceback (most recent call last):
  File "C:\Users\nn\dexterslab\main.py", line 2, in <module>
    from Library import model as Model
  File "C:\Users\nn\dexterslab\Library\model.py", line 1, in <module>
    from . import basic_backend
  File "C:\Users\nn\dexterslab\Library\basic_backend.py", line 4, in <module>
    from .Querybuilder import query_builder as select
  File "C:\Users\nn\dexterslab\Library\Querybuilder\query_builder.py", line 178
    if self.class is None:
            ^^^^^
SyntaxError: invalid syntax
Traceback (most recent call last):
  File "C:\Users\nn\dexterslab\main.py", line 2, in <module>
    from Library import model as Model
  File "C:\Users\nn\dexterslab\Library\model.py", line 1, in <module>
    from . import basic_backend
  File "C:\Users\nn\dexterslab\Library\basic_backend.py", line 4, in <module>
    from .Querybuilder import query_builder as select
  File "C:\Users\nn\dexterslab\Library\Querybuilder\query_builder.py", line 178
    if self.class is None:
            ^^^^^
SyntaxError: invalid syntax
Traceback (most recent call last):
  File "C:\Users\nn\dexterslab\main.py", line 2, in <module>
    from Library import model as Model
  File "C:\Users\nn\dexterslab\Library\model.py", line 1, in <module>
    from . import basic_backend
  File "C:\Users\nn\dexterslab\Library\basic_backend.py", line 4, in <module>
    from .Querybuilder import query_builder as select
  File "C:\Users\nn\dexterslab\Library\Querybuilder\query_builder.py", line 178
    if self.class is None:
            ^^^^^
SyntaxError: invalid syntax
Traceback (most recent call last):
  File "C:\Users\nn\dexterslab\main.py", line 2, in <module>
    from Library import model as Model
  File "C:\Users\nn\dexterslab\Library\model.py", line 1, in <module>
    from . import basic_backend
  File "C:\Users\nn\dexterslab\Library\basic_backend.py", line 4, in <module>
    from .Querybuilder import query_builder as select
  File "C:\Users\nn\dexterslab\Library\Querybuilder\query_builder.py", line 178
    if self.class is None:
            ^^^^^
SyntaxError: invalid syntax
Traceback (most recent call last):
  File "C:\Users\nn\dexterslab\main.py", line 2, in <module>
    from Library import model as Model
  File "C:\Users\nn\dexterslab\Library\model.py", line 1, in <module>
    from . import basic_backend
  File "C:\Users\nn\dexterslab\Library\basic_backend.py", line 4, in <module>
    from .Querybuilder import query_builder as select
  File "C:\Users\nn\dexterslab\Library\Querybuilder\query_builder.py", line 178
    if self.class is None:
            ^^^^^
SyntaxError: invalid syntax
Traceback (most recent call last):
  File "C:\Users\nn\dexterslab\main.py", line 2, in <module>
    from Library import model as Model
  File "C:\Users\nn\dexterslab\Library\model.py", line 1, in <module>
    from . import basic_backend
  File "C:\Users\nn\dexterslab\Library\basic_backend.py", line 4, in <module>
    from .Querybuilder import query_builder as select
  File "C:\Users\nn\dexterslab\Library\Querybuilder\query_builder.py", line 178
    if self.class is None:
            ^^^^^
SyntaxError: invalid syntax
Traceback (most recent call last):
  File "C:\Users\nn\dexterslab\main.py", line 2, in <module>
    from Library import model as Model
  File "C:\Users\nn\dexterslab\Library\model.py", line 1, in <module>
    from . import basic_backend
  File "C:\Users\nn\dexterslab\Library\basic_backend.py", line 4, in <module>
    from .Querybuilder import query_builder as select
  File "C:\Users\nn\dexterslab\Library\Querybuilder\query_builder.py", line 178
    if self.class is None:
            ^^^^^
SyntaxError: invalid syntax
Traceback (most recent call last):
  File "C:\Users\nn\dexterslab\main.py", line 2, in <module>
    from Library import model as Model
  File "C:\Users\nn\dexterslab\Library\model.py", line 1, in <module>
    from . import basic_backend
  File "C:\Users\nn\dexterslab\Library\basic_backend.py", line 4, in <module>
    from .Querybuilder import query_builder as select
  File "C:\Users\nn\dexterslab\Library\Querybuilder\query_builder.py", line 178
    if self.class is None:
            ^^^^^
SyntaxError: invalid syntax
Traceback (most recent call last):
  File "C:\Users\nn\dexterslab\main.py", line 2, in <module>
    from Library import model as Model
  File "C:\Users\nn\dexterslab\Library\model.py", line 1, in <module>
    from . import basic_backend
  File "C:\Users\nn\dexterslab\Library\basic_backend.py", line 4, in <module>
    from .Querybuilder import query_builder as select
  File "C:\Users\nn\dexterslab\Library\Querybuilder\query_builder.py", line 183
    if hasattr(self.class, 'primary_keys'):
                    ^^^^^
SyntaxError: invalid syntax
Traceback (most recent call last):
  File "C:\Users\nn\dexterslab\main.py", line 2, in <module>
    from Library import model as Model
  File "C:\Users\nn\dexterslab\Library\model.py", line 1, in <module>
    from . import basic_backend
  File "C:\Users\nn\dexterslab\Library\basic_backend.py", line 4, in <module>
    from .Querybuilder import query_builder as select
  File "C:\Users\nn\dexterslab\Library\Querybuilder\query_builder.py", line 209
    return self.table_properties[self.class]
                                      ^^^^^
SyntaxError: invalid syntax
Traceback (most recent call last):
  File "C:\Users\nn\dexterslab\main.py", line 2, in <module>
    from Library import model as Model
  File "C:\Users\nn\dexterslab\Library\model.py", line 1, in <module>
    from . import basic_backend
  File "C:\Users\nn\dexterslab\Library\basic_backend.py", line 4, in <module>
    from .Querybuilder import query_builder as select
  File "C:\Users\nn\dexterslab\Library\Querybuilder\query_builder.py", line 210
    return self.table_properties[self.class]
                                      ^^^^^
SyntaxError: invalid syntax
WARNING: This is a development server. Do not use it in a production deployment. Use a production WSGI server instead.
 * Running on http://localhost:8080
Press CTRL+C to quit
 * Restarting with stat
 * Debugger is active!
 * Debugger PIN: 187-122-103
 * Detected change in 'C:\\Users\\nn\\dexterslab\\Library\\Querybuilder\\query_builder.py', reloading
 * Restarting with stat
 * Debugger is active!
 * Debugger PIN: 187-122-103
 * Detected change in 'C:\\Users\\nn\\dexterslab\\Library\\Querybuilder\\query_builder.py', reloading
 * Restarting with stat
 * Debugger is active!
 * Debugger PIN: 187-122-103
 * Detected change in 'C:\\Users\\nn\\dexterslab\\Library\\Querybuilder\\query_builder.py', reloading
 * Restarting with stat
 * Debugger is active!
 * Debugger PIN: 187-122-103
 * Detected change in 'C:\\Users\\nn\\dexterslab\\Library\\Querybuilder\\query_builder.py', reloading
 * Restarting with stat
 * Debugger is active!
 * Debugger PIN: 187-122-103
 * Detected change in 'C:\\Users\\nn\\dexterslab\\Library\\Querybuilder\\query_builder.py', reloading
 * Restarting with stat
 * Debugger is active!
 * Debugger PIN: 187-122-103
 * Detected change in 'C:\\Users\\nn\\dexterslab\\Library\\Querybuilder\\query_builder.py', reloading
 * Restarting with stat
 * Debugger is active!
 * Debugger PIN: 187-122-103
 * Detected change in 'C:\\Users\\nn\\dexterslab\\Library\\Querybuilder\\query_builder.py', reloading
 * Restarting with stat
 * Debugger is active!
 * Debugger PIN: 187-122-103
 * Detected change in 'C:\\Users\\nn\\dexterslab\\Library\\Querybuilder\\query_builder.py', reloading
 * Restarting with stat
 * Debugger is active!
 * Debugger PIN: 187-122-103
 * Detected change in 'C:\\Users\\nn\\dexterslab\\Library\\Querybuilder\\query_builder.py', reloading
 * Restarting with stat
 * Debugger is active!
 * Debugger PIN: 187-122-103
 * Detected change in 'C:\\Users\\nn\\dexterslab\\Library\\Querybuilder\\query_builder.py', reloading
 * Restarting with stat
 * Debugger is active!
 * Debugger PIN: 187-122-103
 * Detected change in 'C:\\Users\\nn\\dexterslab\\Library\\Querybuilder\\query_builder.py', reloading
 * Restarting with stat
Traceback (most recent call last):
  File "C:\Users\nn\dexterslab\main.py", line 2, in <module>
    from Library import model as Model
  File "C:\Users\nn\dexterslab\Library\model.py", line 1, in <module>
    from . import basic_backend
  File "C:\Users\nn\dexterslab\Library\basic_backend.py", line 4, in <module>
    from .Querybuilder import query_builder as select
  File "C:\Users\nn\dexterslab\Library\Querybuilder\query_builder.py", line 38
    class :
          ^
SyntaxError: invalid syntax
Traceback (most recent call last):
  File "C:\Users\nn\dexterslab\main.py", line 2, in <module>
    from Library import model as Model
  File "C:\Users\nn\dexterslab\Library\model.py", line 1, in <module>
    from . import basic_backend
  File "C:\Users\nn\dexterslab\Library\basic_backend.py", line 4, in <module>
    from .Querybuilder import query_builder as select
  File "C:\Users\nn\dexterslab\Library\Querybuilder\query_builder.py", line 38
    class :
          ^
SyntaxError: invalid syntax
Traceback (most recent call last):
  File "C:\Users\nn\dexterslab\main.py", line 2, in <module>
    from Library import model as Model
  File "C:\Users\nn\dexterslab\Library\model.py", line 1, in <module>
    from . import basic_backend
  File "C:\Users\nn\dexterslab\Library\basic_backend.py", line 4, in <module>
    from .Querybuilder import query_builder as select
  File "C:\Users\nn\dexterslab\Library\Querybuilder\query_builder.py", line 38
    class :
          ^
SyntaxError: invalid syntax
Traceback (most recent call last):
  File "C:\Users\nn\dexterslab\main.py", line 2, in <module>
    from Library import model as Model
  File "C:\Users\nn\dexterslab\Library\model.py", line 1, in <module>
    from . import basic_backend
  File "C:\Users\nn\dexterslab\Library\basic_backend.py", line 4, in <module>
    from .Querybuilder import query_builder as select
  File "C:\Users\nn\dexterslab\Library\Querybuilder\query_builder.py", line 38
    class :
          ^
SyntaxError: invalid syntax
Traceback (most recent call last):
  File "C:\Users\nn\dexterslab\main.py", line 2, in <module>
    from Library import model as Model
  File "C:\Users\nn\dexterslab\Library\model.py", line 1, in <module>
    from . import basic_backend
  File "C:\Users\nn\dexterslab\Library\basic_backend.py", line 4, in <module>
    from .Querybuilder import query_builder as select
  File "C:\Users\nn\dexterslab\Library\Querybuilder\query_builder.py", line 38
    class :
          ^
SyntaxError: invalid syntax
Traceback (most recent call last):
  File "C:\Users\nn\dexterslab\main.py", line 2, in <module>
    from Library import model as Model
  File "C:\Users\nn\dexterslab\Library\model.py", line 1, in <module>
    from . import basic_backend
  File "C:\Users\nn\dexterslab\Library\basic_backend.py", line 5, in <module>
    from .Querybuilder import update_querybuilder as update
ImportError: cannot import name 'update_querybuilder' from 'Library.Querybuilder' (unknown location)
WARNING: This is a development server. Do not use it in a production deployment. Use a production WSGI server instead.
 * Running on http://localhost:8080
Press CTRL+C to quit
 * Restarting with stat
 * Debugger is active!
 * Debugger PIN: 187-122-103
 * Detected change in 'C:\\Users\\nn\\dexterslab\\Library\\basic_backend.py', reloading
 * Restarting with stat
 * Debugger is active!
 * Debugger PIN: 187-122-103
 * Detected change in 'C:\\Users\\nn\\dexterslab\\Library\\basic_backend.py', reloading
 * Restarting with stat
 * Debugger is active!
 * Debugger PIN: 187-122-103
 * Detected change in 'C:\\Users\\nn\\dexterslab\\Library\\Querybuilder\\query_builder.py', reloading
 * Restarting with stat
 * Debugger is active!
 * Debugger PIN: 187-122-103
 * Detected change in 'C:\\Users\\nn\\dexterslab\\Library\\basic_backend.py', reloading
 * Restarting with stat
Traceback (most recent call last):
  File "C:\Users\nn\dexterslab\main.py", line 2, in <module>
    from Library import model as Model
  File "C:\Users\nn\dexterslab\Library\model.py", line 1, in <module>
    from . import basic_backend
  File "C:\Users\nn\dexterslab\Library\basic_backend.py", line 24
    query_builder = model.(table_name) 
                          ^
SyntaxError: invalid syntax
Traceback (most recent call last):
  File "C:\Users\nn\dexterslab\main.py", line 2, in <module>
    from Library import model as Model
  File "C:\Users\nn\dexterslab\Library\model.py", line 1, in <module>
    from . import basic_backend
  File "C:\Users\nn\dexterslab\Library\basic_backend.py", line 24
    query_builder = model.(table_name) 
                          ^
SyntaxError: invalid syntax
WARNING: This is a development server. Do not use it in a production deployment. Use a production WSGI server instead.
 * Running on http://localhost:8080
Press CTRL+C to quit
 * Restarting with stat
 * Debugger is active!
 * Debugger PIN: 187-122-103
 * Detected change in 'C:\\Users\\nn\\dexterslab\\Library\\basic_backend.py', reloading
 * Restarting with stat
 * Debugger is active!
 * Debugger PIN: 187-122-103
 * Detected change in 'C:\\Users\\nn\\dexterslab\\Library\\basic_backend.py', reloading
 * Restarting with stat
Traceback (most recent call last):
  File "C:\Users\nn\dexterslab\main.py", line 2, in <module>
    from Library import model as Model
  File "C:\Users\nn\dexterslab\Library\model.py", line 1, in <module>
    from . import basic_backend
  File "C:\Users\nn\dexterslab\Library\basic_backend.py", line 25
    query = query_builder.select('id', 'aspect', 'value').from 
                                                          ^^^^
SyntaxError: invalid syntax
Traceback (most recent call last):
  File "C:\Users\nn\dexterslab\main.py", line 2, in <module>
    from Library import model as Model
  File "C:\Users\nn\dexterslab\Library\model.py", line 1, in <module>
    from . import basic_backend
  File "C:\Users\nn\dexterslab\Library\basic_backend.py", line 25
    query = query_builder.select('id', 'aspect', 'value').from() 
                                                          ^^^^
SyntaxError: invalid syntax
WARNING: This is a development server. Do not use it in a production deployment. Use a production WSGI server instead.
 * Running on http://localhost:8080
Press CTRL+C to quit
 * Restarting with stat
 * Debugger is active!
 * Debugger PIN: 187-122-103
 * Detected change in 'C:\\Users\\nn\\dexterslab\\Library\\basic_backend.py', reloading
 * Restarting with stat
 * Debugger is active!
 * Debugger PIN: 187-122-103
 * Detected change in 'C:\\Users\\nn\\dexterslab\\Library\\Querybuilder\\query_builder.py', reloading
 * Restarting with stat
 * Debugger is active!
 * Debugger PIN: 187-122-103
 * Detected change in 'C:\\Users\\nn\\dexterslab\\Library\\basic_backend.py', reloading
 * Restarting with stat
 * Debugger is active!
 * Debugger PIN: 187-122-103
 * Detected change in 'C:\\Users\\nn\\dexterslab\\Library\\Querybuilder\\query_builder.py', reloading
 * Restarting with stat
 * Debugger is active!
 * Debugger PIN: 187-122-103
 * Detected change in 'C:\\Users\\nn\\dexterslab\\Library\\Querybuilder\\query_builder.py', reloading
 * Restarting with stat
 * Debugger is active!
 * Debugger PIN: 187-122-103
 * Detected change in 'C:\\Users\\nn\\dexterslab\\Library\\Querybuilder\\query_builder.py', reloading
 * Restarting with stat
 * Debugger is active!
 * Debugger PIN: 187-122-103
 * Detected change in 'C:\\Users\\nn\\dexterslab\\Library\\Querybuilder\\query_builder.py', reloading
 * Restarting with stat
 * Debugger is active!
 * Debugger PIN: 187-122-103
 * Detected change in 'C:\\Users\\nn\\dexterslab\\Library\\Querybuilder\\query_builder.py', reloading
 * Restarting with stat
 * Debugger is active!
 * Debugger PIN: 187-122-103
 * Detected change in 'C:\\Users\\nn\\dexterslab\\Library\\Querybuilder\\query_builder.py', reloading
 * Restarting with stat
 * Debugger is active!
 * Debugger PIN: 187-122-103
 * Detected change in 'C:\\Users\\nn\\dexterslab\\Library\\basic_backend.py', reloading
 * Restarting with stat
Traceback (most recent call last):
  File "C:\Users\nn\dexterslab\main.py", line 2, in <module>
    from Library import model as Model
  File "C:\Users\nn\dexterslab\Library\model.py", line 1, in <module>
    from . import basic_backend
  File "C:\Users\nn\dexterslab\Library\basic_backend.py", line 25
    query = query_builder.select('id', 'aspect', 'value').
                                                          ^
SyntaxError: invalid syntax
WARNING: This is a development server. Do not use it in a production deployment. Use a production WSGI server instead.
 * Running on http://localhost:8080
Press CTRL+C to quit
 * Restarting with stat
 * Debugger is active!
 * Debugger PIN: 187-122-103
 * Detected change in 'C:\\Users\\nn\\dexterslab\\Library\\basic_backend.py', reloading
 * Restarting with stat
Traceback (most recent call last):
  File "C:\Users\nn\dexterslab\main.py", line 2, in <module>
    from Library import model as Model
  File "C:\Users\nn\dexterslab\Library\model.py", line 1, in <module>
    from . import basic_backend
  File "C:\Users\nn\dexterslab\Library\basic_backend.py", line 25
    query = query_builder.select(list()'id', 'aspect', 'value')
                                 ^^^^^^^^^^
SyntaxError: invalid syntax. Perhaps you forgot a comma?
Traceback (most recent call last):
  File "C:\Users\nn\dexterslab\main.py", line 2, in <module>
    from Library import model as Model
  File "C:\Users\nn\dexterslab\Library\model.py", line 1, in <module>
    from . import basic_backend
  File "C:\Users\nn\dexterslab\Library\basic_backend.py", line 25
    query = query_builder.select(list('id', 'aspect', 'value')
                                ^
SyntaxError: '(' was never closed
WARNING: This is a development server. Do not use it in a production deployment. Use a production WSGI server instead.
 * Running on http://localhost:8080
Press CTRL+C to quit
 * Restarting with stat
 * Debugger is active!
 * Debugger PIN: 187-122-103
 * Detected change in 'C:\\Users\\nn\\dexterslab\\Library\\basic_backend.py', reloading
 * Restarting with stat
 * Debugger is active!
 * Debugger PIN: 187-122-103
 * Detected change in 'C:\\Users\\nn\\dexterslab\\Library\\basic_backend.py', reloading
 * Restarting with stat
 * Debugger is active!
 * Debugger PIN: 187-122-103
 * Detected change in 'C:\\Users\\nn\\dexterslab\\Library\\basic_backend.py', reloading
 * Restarting with stat
 * Debugger is active!
 * Debugger PIN: 187-122-103
 * Detected change in 'C:\\Users\\nn\\dexterslab\\Library\\basic_backend.py', reloading
 * Restarting with stat
 * Debugger is active!
 * Debugger PIN: 187-122-103
 * Detected change in 'C:\\Users\\nn\\dexterslab\\Library\\basic_backend.py', reloading
 * Restarting with stat
Traceback (most recent call last):
  File "C:\Users\nn\dexterslab\main.py", line 2, in <module>
    from Library import model as Model
  File "C:\Users\nn\dexterslab\Library\model.py", line 1, in <module>
    from . import basic_backend
  File "C:\Users\nn\dexterslab\Library\basic_backend.py", line 25
    query = .select('*')
            ^
SyntaxError: invalid syntax
Traceback (most recent call last):
  File "C:\Users\nn\dexterslab\main.py", line 2, in <module>
    from Library import model as Model
  File "C:\Users\nn\dexterslab\Library\model.py", line 1, in <module>
    from . import basic_backend
  File "C:\Users\nn\dexterslab\Library\basic_backend.py", line 25
    query = .select('*')
            ^
SyntaxError: invalid syntax
Traceback (most recent call last):
  File "C:\Users\nn\dexterslab\main.py", line 2, in <module>
    from Library import model as Model
  File "C:\Users\nn\dexterslab\Library\model.py", line 1, in <module>
    from . import basic_backend
  File "C:\Users\nn\dexterslab\Library\basic_backend.py", line 25
    query = .select('*')
            ^
SyntaxError: invalid syntax
Traceback (most recent call last):
  File "C:\Users\nn\dexterslab\main.py", line 2, in <module>
    from Library import model as Model
  File "C:\Users\nn\dexterslab\Library\model.py", line 1, in <module>
    from . import basic_backend
  File "C:\Users\nn\dexterslab\Library\basic_backend.py", line 25
    query = .select('*')
            ^
SyntaxError: invalid syntax
Traceback (most recent call last):
  File "C:\Users\nn\dexterslab\main.py", line 2, in <module>
    from Library import model as Model
  File "C:\Users\nn\dexterslab\Library\model.py", line 1, in <module>
    from . import basic_backend
  File "C:\Users\nn\dexterslab\Library\basic_backend.py", line 25
    query =  builder.select('*').from
                                 ^^^^
SyntaxError: invalid syntax
WARNING: This is a development server. Do not use it in a production deployment. Use a production WSGI server instead.
 * Running on http://localhost:8080
Press CTRL+C to quit
 * Restarting with stat
 * Debugger is active!
 * Debugger PIN: 187-122-103
 * Detected change in 'C:\\Users\\nn\\dexterslab\\Library\\basic_backend.py', reloading
 * Restarting with stat
 * Debugger is active!
 * Debugger PIN: 187-122-103
 * Detected change in 'C:\\Users\\nn\\dexterslab\\Library\\basic_backend.py', reloading
 * Restarting with stat
 * Debugger is active!
 * Debugger PIN: 187-122-103
 * Detected change in 'C:\\Users\\nn\\dexterslab\\Library\\basic_backend.py', reloading
 * Restarting with stat
 * Debugger is active!
 * Debugger PIN: 187-122-103
 * Detected change in 'C:\\Users\\nn\\dexterslab\\Library\\Querybuilder\\query_builder.py', reloading
 * Restarting with stat
Traceback (most recent call last):
  File "C:\Users\nn\dexterslab\main.py", line 2, in <module>
    from Library import model as Model
  File "C:\Users\nn\dexterslab\Library\model.py", line 1, in <module>
    from . import basic_backend
  File "C:\Users\nn\dexterslab\Library\basic_backend.py", line 4, in <module>
    from .Querybuilder import query_builder as model
  File "C:\Users\nn\dexterslab\Library\Querybuilder\query_builder.py", line 151
    else:
         ^
IndentationError: unindent does not match any outer indentation level
Traceback (most recent call last):
  File "C:\Users\nn\dexterslab\main.py", line 2, in <module>
    from Library import model as Model
  File "C:\Users\nn\dexterslab\Library\model.py", line 1, in <module>
    from . import basic_backend
  File "C:\Users\nn\dexterslab\Library\basic_backend.py", line 4, in <module>
    from .Querybuilder import query_builder as model
  File "C:\Users\nn\dexterslab\Library\Querybuilder\query_builder.py", line 151
    else:
         ^
IndentationError: unindent does not match any outer indentation level
Traceback (most recent call last):
  File "C:\Users\nn\dexterslab\main.py", line 2, in <module>
    from Library import model as Model
  File "C:\Users\nn\dexterslab\Library\model.py", line 1, in <module>
    from . import basic_backend
  File "C:\Users\nn\dexterslab\Library\basic_backend.py", line 4, in <module>
    from .Querybuilder import query_builder as model
  File "C:\Users\nn\dexterslab\Library\Querybuilder\query_builder.py", line 166
    return self
               ^
IndentationError: unindent does not match any outer indentation level
Traceback (most recent call last):
  File "C:\Users\nn\dexterslab\main.py", line 2, in <module>
    from Library import model as Model
  File "C:\Users\nn\dexterslab\Library\model.py", line 1, in <module>
    from . import basic_backend
  File "C:\Users\nn\dexterslab\Library\basic_backend.py", line 4, in <module>
    from .Querybuilder import query_builder as model
  File "C:\Users\nn\dexterslab\Library\Querybuilder\query_builder.py", line 155
    for value in table_name:
                            ^
IndentationError: unindent does not match any outer indentation level
Traceback (most recent call last):
  File "C:\Users\nn\dexterslab\main.py", line 2, in <module>
    from Library import model as Model
  File "C:\Users\nn\dexterslab\Library\model.py", line 1, in <module>
    from . import basic_backend
  File "C:\Users\nn\dexterslab\Library\basic_backend.py", line 4, in <module>
    from .Querybuilder import query_builder as model
  File "C:\Users\nn\dexterslab\Library\Querybuilder\query_builder.py", line 154
    count = 1
IndentationError: unexpected indent
WARNING: This is a development server. Do not use it in a production deployment. Use a production WSGI server instead.
 * Running on http://localhost:8080
Press CTRL+C to quit
 * Restarting with stat
 * Debugger is active!
 * Debugger PIN: 187-122-103
 * Detected change in 'C:\\Users\\nn\\dexterslab\\Library\\Querybuilder\\query_builder.py', reloading
 * Restarting with stat
 * Debugger is active!
 * Debugger PIN: 187-122-103
 * Detected change in 'C:\\Users\\nn\\dexterslab\\Library\\Querybuilder\\query_builder.py', reloading
 * Restarting with stat
 * Debugger is active!
 * Debugger PIN: 187-122-103
 * Detected change in 'C:\\Users\\nn\\dexterslab\\Library\\Querybuilder\\query_builder.py', reloading
 * Restarting with stat
 * Debugger is active!
 * Debugger PIN: 187-122-103
 * Detected change in 'C:\\Users\\nn\\dexterslab\\Library\\Querybuilder\\query_builder.py', reloading
 * Restarting with stat
 * Debugger is active!
 * Debugger PIN: 187-122-103
 * Detected change in 'C:\\Users\\nn\\dexterslab\\Library\\Querybuilder\\query_builder.py', reloading
 * Restarting with stat
 * Debugger is active!
 * Debugger PIN: 187-122-103
 * Detected change in 'C:\\Users\\nn\\dexterslab\\Library\\Querybuilder\\query_builder.py', reloading
 * Restarting with stat
 * Debugger is active!
 * Debugger PIN: 187-122-103
 * Detected change in 'C:\\Users\\nn\\dexterslab\\Library\\Querybuilder\\query_builder.py', reloading
 * Restarting with stat
 * Debugger is active!
 * Debugger PIN: 187-122-103
 * Detected change in 'C:\\Users\\nn\\dexterslab\\Library\\Querybuilder\\query_builder.py', reloading
 * Restarting with stat
 * Debugger is active!
 * Debugger PIN: 187-122-103
 * Detected change in 'C:\\Users\\nn\\dexterslab\\Library\\Querybuilder\\query_builder.py', reloading
 * Restarting with stat
 * Debugger is active!
 * Debugger PIN: 187-122-103
 * Detected change in 'C:\\Users\\nn\\dexterslab\\Library\\Querybuilder\\query_builder.py', reloading
 * Restarting with stat
 * Debugger is active!
 * Debugger PIN: 187-122-103
 * Detected change in 'C:\\Users\\nn\\dexterslab\\Library\\basic_backend.py', reloading
 * Restarting with stat
 * Debugger is active!
 * Debugger PIN: 187-122-103
 * Detected change in 'C:\\Users\\nn\\dexterslab\\Library\\basic_backend.py', reloading
 * Restarting with stat
Traceback (most recent call last):
  File "C:\Users\nn\dexterslab\main.py", line 2, in <module>
    from Library import model as Model
  File "C:\Users\nn\dexterslab\Library\model.py", line 1, in <module>
    from . import basic_backend
  File "C:\Users\nn\dexterslab\Library\basic_backend.py", line 36
    update_builder = .UpdateQueryBuilder(table_name)        
                     ^
SyntaxError: invalid syntax
Traceback (most recent call last):
  File "C:\Users\nn\dexterslab\main.py", line 2, in <module>
    from Library import model as Model
  File "C:\Users\nn\dexterslab\Library\model.py", line 1, in <module>
    from . import basic_backend
  File "C:\Users\nn\dexterslab\Library\basic_backend.py", line 36
    update_builder = .UpdateQueryBuilder(table_name)        
                     ^
SyntaxError: invalid syntax
Traceback (most recent call last):
  File "C:\Users\nn\dexterslab\main.py", line 2, in <module>
    from Library import model as Model
  File "C:\Users\nn\dexterslab\Library\model.py", line 1, in <module>
    from . import basic_backend
  File "C:\Users\nn\dexterslab\Library\basic_backend.py", line 36
    update_builder = .UpdateQueryBuilder(table_name)        
                     ^
SyntaxError: invalid syntax
Traceback (most recent call last):
  File "C:\Users\nn\dexterslab\main.py", line 2, in <module>
    from Library import model as Model
  File "C:\Users\nn\dexterslab\Library\model.py", line 1, in <module>
    from . import basic_backend
  File "C:\Users\nn\dexterslab\Library\basic_backend.py", line 36
    table_name)        
              ^
SyntaxError: unmatched ')'
WARNING: This is a development server. Do not use it in a production deployment. Use a production WSGI server instead.
 * Running on http://localhost:8080
Press CTRL+C to quit
 * Restarting with stat
 * Debugger is active!
 * Debugger PIN: 187-122-103
 * Detected change in 'C:\\Users\\nn\\dexterslab\\Library\\basic_backend.py', reloading
 * Restarting with stat
Traceback (most recent call last):
  File "C:\Users\nn\dexterslab\main.py", line 2, in <module>
    from Library import model as Model
  File "C:\Users\nn\dexterslab\Library\model.py", line 1, in <module>
    from . import basic_backend
  File "C:\Users\nn\dexterslab\Library\basic_backend.py", line 36
    update_query = .set(aspect=f"{newAspect}", value = f"{newValue}").where(f"id = {id}").build()
                   ^
SyntaxError: invalid syntax
WARNING: This is a development server. Do not use it in a production deployment. Use a production WSGI server instead.
 * Running on http://localhost:8080
Press CTRL+C to quit
 * Restarting with stat
 * Debugger is active!
 * Debugger PIN: 187-122-103
 * Detected change in 'C:\\Users\\nn\\dexterslab\\Library\\basic_backend.py', reloading
 * Restarting with stat
 * Debugger is active!
 * Debugger PIN: 187-122-103
 * Detected change in 'C:\\Users\\nn\\dexterslab\\Library\\Querybuilder\\query_builder.py', reloading
 * Restarting with stat
 * Debugger is active!
 * Debugger PIN: 187-122-103
 * Detected change in 'C:\\Users\\nn\\dexterslab\\Library\\basic_backend.py', reloading
 * Restarting with stat
 * Debugger is active!
 * Debugger PIN: 187-122-103
 * Detected change in 'C:\\Users\\nn\\dexterslab\\Library\\basic_backend.py', reloading
 * Restarting with stat
 * Debugger is active!
 * Debugger PIN: 187-122-103
 * Detected change in 'C:\\Users\\nn\\dexterslab\\Library\\Querybuilder\\query_builder.py', reloading
 * Restarting with stat
 * Debugger is active!
 * Debugger PIN: 187-122-103
 * Detected change in 'C:\\Users\\nn\\dexterslab\\Library\\basic_backend.py', reloading
 * Restarting with stat
Traceback (most recent call last):
  File "C:\Users\nn\dexterslab\main.py", line 2, in <module>
    from Library import model as Model
  File "C:\Users\nn\dexterslab\Library\model.py", line 1, in <module>
    from . import basic_backend
  File "C:\Users\nn\dexterslab\Library\basic_backend.py", line 25
    query =  builder.select('id', 'aspect', 'value']).from_table(table_name)
                                                   ^
SyntaxError: closing parenthesis ']' does not match opening parenthesis '('
Traceback (most recent call last):
  File "C:\Users\nn\dexterslab\main.py", line 2, in <module>
    from Library import model as Model
  File "C:\Users\nn\dexterslab\Library\model.py", line 1, in <module>
    from . import basic_backend
  File "C:\Users\nn\dexterslab\Library\basic_backend.py", line 25
    query =  builder.select('id', 'aspect', 'value']).from_table(table_name)
                                                   ^
SyntaxError: closing parenthesis ']' does not match opening parenthesis '('
WARNING: This is a development server. Do not use it in a production deployment. Use a production WSGI server instead.
 * Running on http://localhost:8080
Press CTRL+C to quit
 * Restarting with stat
 * Debugger is active!
 * Debugger PIN: 187-122-103
 * Detected change in 'C:\\Users\\nn\\dexterslab\\Library\\basic_backend.py', reloading
 * Restarting with stat
 * Debugger is active!
 * Debugger PIN: 187-122-103
 * Detected change in 'C:\\Users\\nn\\dexterslab\\Library\\basic_backend.py', reloading
 * Restarting with stat
 * Debugger is active!
 * Debugger PIN: 187-122-103
 * Detected change in 'C:\\Users\\nn\\dexterslab\\Library\\update_query_builder.py', reloading
 * Restarting with stat
 * Debugger is active!
 * Debugger PIN: 187-122-103
 * Detected change in 'C:\\Users\\nn\\dexterslab\\Library\\basic_backend.py', reloading
 * Restarting with stat
 * Debugger is active!
 * Debugger PIN: 187-122-103
 * Detected change in 'C:\\Users\\nn\\dexterslab\\Library\\basic_backend.py', reloading
 * Restarting with stat
Traceback (most recent call last):
  File "C:\Users\nn\dexterslab\main.py", line 2, in <module>
    from Library import model as Model
  File "C:\Users\nn\dexterslab\Library\model.py", line 1, in <module>
    from . import basic_backend
  File "C:\Users\nn\dexterslab\Library\basic_backend.py", line 5
    from . import 
                  ^
SyntaxError: invalid syntax
Traceback (most recent call last):
  File "C:\Users\nn\dexterslab\main.py", line 2, in <module>
    from Library import model as Model
  File "C:\Users\nn\dexterslab\Library\model.py", line 1, in <module>
    from . import basic_backend
  File "C:\Users\nn\dexterslab\Library\basic_backend.py", line 5
    from . import 
                  ^
SyntaxError: invalid syntax
WARNING: This is a development server. Do not use it in a production deployment. Use a production WSGI server instead.
 * Running on http://localhost:8080
Press CTRL+C to quit
 * Restarting with stat
 * Debugger is active!
 * Debugger PIN: 187-122-103
 * Detected change in 'C:\\Users\\nn\\dexterslab\\Library\\basic_backend.py', reloading
 * Restarting with stat
 * Debugger is active!
 * Debugger PIN: 187-122-103
 * Detected change in 'C:\\Users\\nn\\dexterslab\\Library\\basic_backend.py', reloading
 * Restarting with stat
 * Debugger is active!
 * Debugger PIN: 187-122-103
 * Detected change in 'C:\\Users\\nn\\dexterslab\\Library\\basic_backend.py', reloading
 * Restarting with stat
 * Debugger is active!
 * Debugger PIN: 187-122-103
 * Detected change in 'C:\\Users\\nn\\dexterslab\\Library\\basic_backend.py', reloading
 * Restarting with stat
 * Debugger is active!
 * Debugger PIN: 187-122-103
 * Detected change in 'C:\\Users\\nn\\dexterslab\\Library\\basic_backend.py', reloading
 * Restarting with stat
Traceback (most recent call last):
  File "C:\Users\nn\dexterslab\main.py", line 2, in <module>
    from Library import model as Model
  File "C:\Users\nn\dexterslab\Library\model.py", line 1, in <module>
    from . import basic_backend
  File "C:\Users\nn\dexterslab\Library\basic_backend.py", line 26
    query = .select('id', 'aspect', 'value').build()
            ^
SyntaxError: invalid syntax
WARNING: This is a development server. Do not use it in a production deployment. Use a production WSGI server instead.
 * Running on http://localhost:8080
Press CTRL+C to quit
 * Restarting with stat
 * Debugger is active!
 * Debugger PIN: 187-122-103
 * Detected change in 'C:\\Users\\nn\\dexterslab\\Library\\basic_backend.py', reloading
 * Restarting with stat
Traceback (most recent call last):
  File "C:\Users\nn\dexterslab\main.py", line 2, in <module>
    from Library import model as Model
  File "C:\Users\nn\dexterslab\Library\model.py", line 1, in <module>
    from . import basic_backend
  File "C:\Users\nn\dexterslab\Library\basic_backend.py", line 36
    builder = .Querybuilder() 
              ^
SyntaxError: invalid syntax
WARNING: This is a development server. Do not use it in a production deployment. Use a production WSGI server instead.
 * Running on http://localhost:8080
Press CTRL+C to quit
 * Restarting with stat
 * Debugger is active!
 * Debugger PIN: 187-122-103
 * Detected change in 'C:\\Users\\nn\\dexterslab\\Library\\basic_backend.py', reloading
 * Restarting with stat
 * Debugger is active!
 * Debugger PIN: 187-122-103
 * Detected change in 'C:\\Users\\nn\\dexterslab\\Library\\basic_backend.py', reloading
 * Restarting with stat
 * Debugger is active!
 * Debugger PIN: 187-122-103
 * Detected change in 'C:\\Users\\nn\\dexterslab\\Library\\basic_backend.py', reloading
 * Restarting with stat
 * Debugger is active!
 * Debugger PIN: 187-122-103
 * Detected change in 'C:\\Users\\nn\\dexterslab\\Library\\basic_backend.py', reloading
 * Restarting with stat
 * Debugger is active!
 * Debugger PIN: 187-122-103
 * Detected change in 'C:\\Users\\nn\\dexterslab\\Library\\basic_backend.py', reloading
 * Restarting with stat
 * Debugger is active!
 * Debugger PIN: 187-122-103
 * Detected change in 'C:\\Users\\nn\\dexterslab\\Library\\insert_into_query_builder.py', reloading
 * Restarting with stat
 * Debugger is active!
 * Debugger PIN: 187-122-103
 * Detected change in 'C:\\Users\\nn\\dexterslab\\Library\\basic_backend.py', reloading
 * Restarting with stat
Traceback (most recent call last):
  File "C:\Users\nn\dexterslab\main.py", line 2, in <module>
    from Library import model as Model
  File "C:\Users\nn\dexterslab\Library\model.py", line 1, in <module>
    from . import basic_backend
  File "C:\Users\nn\dexterslab\Library\basic_backend.py", line 6, in <module>
    from . import ins
ImportError: cannot import name 'ins' from 'Library' (C:\Users\nn\dexterslab\Library\__init__.py)
WARNING: This is a development server. Do not use it in a production deployment. Use a production WSGI server instead.
 * Running on http://localhost:8080
Press CTRL+C to quit
 * Restarting with stat
 * Debugger is active!
 * Debugger PIN: 187-122-103
 * Detected change in 'C:\\Users\\nn\\dexterslab\\Library\\basic_backend.py', reloading
 * Restarting with stat
 * Debugger is active!
 * Debugger PIN: 187-122-103
 * Detected change in 'C:\\Users\\nn\\dexterslab\\Library\\insert_into_query_builder.py', reloading
 * Restarting with stat
Traceback (most recent call last):
  File "C:\Users\nn\dexterslab\main.py", line 2, in <module>
    from Library import model as Model
  File "C:\Users\nn\dexterslab\Library\model.py", line 1, in <module>
    from . import basic_backend
  File "C:\Users\nn\dexterslab\Library\basic_backend.py", line 6, in <module>
    from . import insert_into_query_builder as insert
  File "C:\Users\nn\dexterslab\Library\insert_into_query_builder.py", line 3
    self.table_name = table_nameclass InsertQueryBuilder:
                                      ^^^^^^^^^^^^^^^^^^
SyntaxError: invalid syntax
Traceback (most recent call last):
  File "C:\Users\nn\dexterslab\main.py", line 2, in <module>
    from Library import model as Model
  File "C:\Users\nn\dexterslab\Library\model.py", line 1, in <module>
    from . import basic_backend
  File "C:\Users\nn\dexterslab\Library\basic_backend.py", line 6, in <module>
    from . import insert_into_query_builder as insert
  File "C:\Users\nn\dexterslab\Library\insert_into_query_builder.py", line 3
    self.table_name = table_nameclass InsertQueryBuilder:
                                      ^^^^^^^^^^^^^^^^^^
SyntaxError: invalid syntax
WARNING: This is a development server. Do not use it in a production deployment. Use a production WSGI server instead.
 * Running on http://localhost:8080
Press CTRL+C to quit
 * Restarting with stat
 * Debugger is active!
 * Debugger PIN: 187-122-103
 * Detected change in 'C:\\Users\\nn\\dexterslab\\Library\\insert_into_query_builder.py', reloading
 * Restarting with stat
 * Debugger is active!
 * Debugger PIN: 187-122-103
 * Detected change in 'C:\\Users\\nn\\dexterslab\\Library\\delete_query_builder.py', reloading
 * Restarting with stat
 * Debugger is active!
 * Debugger PIN: 187-122-103
 * Detected change in 'C:\\Users\\nn\\dexterslab\\Library\\basic_backend.py', reloading
 * Restarting with stat
Traceback (most recent call last):
  File "C:\Users\nn\dexterslab\main.py", line 2, in <module>
    from Library import model as Model
  File "C:\Users\nn\dexterslab\Library\model.py", line 1, in <module>
    from . import basic_backend
  File "C:\Users\nn\dexterslab\Library\basic_backend.py", line 7
    from 
         ^
SyntaxError: invalid syntax
Traceback (most recent call last):
  File "C:\Users\nn\dexterslab\main.py", line 2, in <module>
    from Library import model as Model
  File "C:\Users\nn\dexterslab\Library\model.py", line 1, in <module>
    from . import basic_backend
  File "C:\Users\nn\dexterslab\Library\basic_backend.py", line 7
    from 
         ^
SyntaxError: invalid syntax
Traceback (most recent call last):
  File "C:\Users\nn\dexterslab\main.py", line 2, in <module>
    from Library import model as Model
  File "C:\Users\nn\dexterslab\Library\model.py", line 1, in <module>
    from . import basic_backend
  File "C:\Users\nn\dexterslab\Library\basic_backend.py", line 7
    from 
         ^
SyntaxError: invalid syntax
Traceback (most recent call last):
  File "C:\Users\nn\dexterslab\main.py", line 2, in <module>
    from Library import model as Model
  File "C:\Users\nn\dexterslab\Library\model.py", line 1, in <module>
    from . import basic_backend
  File "C:\Users\nn\dexterslab\Library\basic_backend.py", line 7
    from . import del
                  ^^^
SyntaxError: invalid syntax
